GRBL_APP/BluetoothSPP/app/build/outputs/logs/manifest-merger-debug-report.txt
-- Merging decision tree log ---
manifest
ADDED from src\main\AndroidManifest.xml:2:1-27:12
	package
		ADDED from src\main\AndroidManifest.xml:2:61-100
		INJECTED from src\main\AndroidManifest.xml
		INJECTED from src\main\AndroidManifest.xml
	android:versionName
		ADDED from src\main\AndroidManifest.xml:2:35-60
		INJECTED from src\main\AndroidManifest.xml
		INJECTED from src\main\AndroidManifest.xml
	android:versionCode
		ADDED from src\main\AndroidManifest.xml:2:11-34
		INJECTED from src\main\AndroidManifest.xml
		INJECTED from src\main\AndroidManifest.xml
	xmlns:android
		ADDED from src\main\AndroidManifest.xml:3:3-61
uses-sdk
ADDED from src\main\AndroidManifest.xml:4:4-71
	android:targetSdkVersion
		ADDED from src\main\AndroidManifest.xml:4:40-69
		INJECTED from src\main\AndroidManifest.xml
		INJECTED from src\main\AndroidManifest.xml
	android:minSdkVersion
		ADDED from src\main\AndroidManifest.xml:4:14-39
		INJECTED from src\main\AndroidManifest.xml
		INJECTED from src\main\AndroidManifest.xml
uses-permission#android.permission.BLUETOOTH
ADDED from src\main\AndroidManifest.xml:5:5-68
	android:name
		ADDED from src\main\AndroidManifest.xml:5:22-65
uses-permission#android.permission.BLUETOOTH_ADMIN
ADDED from src\main\AndroidManifest.xml:6:5-74
	android:name
		ADDED from src\main\AndroidManifest.xml:6:22-71
application
ADDED from src\main\AndroidManifest.xml:7:5-26:19
	android:label
		ADDED from src\main\AndroidManifest.xml:7:18-50
	android:icon
		ADDED from src\main\AndroidManifest.xml:8:9-38
activity#mobi.dzs.android.BluetoothSPP.actMain
ADDED from src\main\AndroidManifest.xml:9:9-17:20
	android:screenOrientation
		ADDED from src\main\AndroidManifest.xml:12:13-49
	android:label
		ADDED from src\main\AndroidManifest.xml:10:13-53
	android:name
		ADDED from src\main\AndroidManifest.xml:11:13-35
intent-filter#android.intent.action.MAIN+android.intent.category.LAUNCHER
ADDED from src\main\AndroidManifest.xml:13:13-16:29
action#android.intent.action.MAIN
ADDED from src\main\AndroidManifest.xml:14:17-69
	android:name
		ADDED from src\main\AndroidManifest.xml:14:25-66
category#android.intent.category.LAUNCHER
ADDED from src\main\AndroidManifest.xml:15:17-77
	android:name
		ADDED from src\main\AndroidManifest.xml:15:27-74
activity#mobi.dzs.android.BluetoothSPP.actDiscovery
ADDED from src\main\AndroidManifest.xml:18:9-21:52
	android:screenOrientation
		ADDED from src\main\AndroidManifest.xml:21:13-49
	android:label
		ADDED from src\main\AndroidManifest.xml:19:13-58
	android:name
		ADDED from src\main\AndroidManifest.xml:20:13-40
activity#mobi.dzs.android.BluetoothSPP.actKeyBoard
ADDED from src\main\AndroidManifest.xml:22:9-25:52
	android:screenOrientation
		ADDED from src\main\AndroidManifest.xml:25:13-49
	android:label
		ADDED from src\main\AndroidManifest.xml:23:13-57
	android:name
		ADDED from src\main\AndroidManifest.xml:24:13-39